#
# There is insufficient memory for the Java Runtime Environment to continue.
# Native memory allocation (mmap) failed to map 65536 bytes for Failed to commit metaspace.
# Possible reasons:
#   The system is out of physical RAM or swap space
#   The process is running with CompressedOops enabled, and the Java Heap may be blocking the growth of the native heap
# Possible solutions:
#   Reduce memory load on the system
#   Increase physical memory or swap space
#   Check if swap backing store is full
#   Decrease Java heap size (-Xmx/-Xms)
#   Decrease number of Java threads
#   Decrease Java thread stack sizes (-Xss)
#   Set larger code cache with -XX:ReservedCodeCacheSize=
#   JVM is running with Unscaled Compressed Oops mode in which the Java heap is
#     placed in the first 4GB address space. The Java Heap base address is the
#     maximum limit for the native heap growth. Please use -XX:HeapBaseMinAddress
#     to set the Java Heap base and to place the Java Heap above 4GB virtual address.
# This output file may be truncated or incomplete.
#
#  Out of Memory Error (virtualSpaceNode.cpp:110), pid=12320, tid=15320
#
# JRE version: Java(TM) SE Runtime Environment (20.0.2+9) (build 20.0.2+9-78)
# Java VM: Java HotSpot(TM) 64-Bit Server VM (20.0.2+9-78, mixed mode, tiered, compressed oops, compressed class ptrs, g1 gc, windows-amd64)
# No core dump will be written. Minidumps are not enabled by default on client versions of Windows
#

---------------  S U M M A R Y ------------

Command Line: -Dfile.encoding=UTF-8 --module-path=C:\Users\ASUS\eclipse-workspace\Rawend_trabelsi\AGENCE2\bin;C:\javafx-sdk-22\lib\javafx-swt.jar;C:\javafx-sdk-22\lib\javafx.base.jar;C:\javafx-sdk-22\lib\javafx.controls.jar;C:\javafx-sdk-22\lib\javafx.fxml.jar;C:\javafx-sdk-22\lib\javafx.graphics.jar;C:\javafx-sdk-22\lib\javafx.media.jar;C:\javafx-sdk-22\lib\javafx.swing.jar;C:\javafx-sdk-22\lib\javafx.web.jar;C:\Users\ASUS\.p2\pool\plugins\org.eclipse.fx.ide.css.jfx8_3.10.0.202303150700.jar;C:\mysql-connector-j-8.4.0\mysql-connector-j-8.4.0.jar -XX:+ShowCodeDetailsInExceptionMessages -Djdk.module.main=AGENCE AGENCE/application.Main

Host: Intel(R) Core(TM) i3-1005G1 CPU @ 1.20GHz, 4 cores, 3G,  Windows 11 , 64 bit Build 22621 (10.0.22621.3235)
Time: Thu May 16 23:08:42 2024 Paris, Madrid (heure duild 22621 (10.0.22621.3235) elapsed time: 0.279685 seconds (0d 0h 0m 0s)

---------------  T H R E A D  ---------------

Current thread (0x00000291631bc3e0):  JavaThread "main" [_thread_in_vm, id=15320, stack(0x0000009257600000,0x0000009257700000)]

Stack: [0x0000009257600000,0x0000009257700000]
Native frames: (J=compiled Java code, j=interpreted, Vv=VM code, C=native code)
V  [jvm.dll+0x6bc25a]
V  [jvm.dll+0x84971a]
V  [jvm.dll+0x84b315]
V  [jvm.dll+0x84ba13]
V  [jvm.dll+0x280e4f]
V  [jvm.dll+0x84565b]
V  [jvm.dll+0x660616]
V  [jvm.dll+0x66067a]
V  [jvm.dll+0x662f53]
V  [jvm.dll+0x662e1e]
V  [jvm.dll+0x66102e]
V  [jvm.dll+0x27e2bc]
V  [jvm.dll+0x71134d]
V  [jvm.dll+0x711e4f]
V  [jvm.dll+0x3c8707]
V  [jvm.dll+0x3c77a7]
V  [jvm.dll+0x3c7748]
V  [jvm.dll+0x3d8a3a]
C  0x0000029173fb00d6

Java frames: (J=compiled Java code, j=interpreted, Vv=VM code)
j  java.lang.module.ModuleDescriptor$1.newModuleBuilder(Ljava/lang/String;ZLjava/util/Set;)Ljava/lang/module/ModuleDescriptor$Builder;+0 java.base@20.0.2
j  jdk.internal.module.ModuleInfo.readModuleAttribute(Ljava/io/DataInput;Ljdk/internal/module/ModuleInfo$ConstantPool;I)Ljava/lang/module/ModuleDescriptor$Builder;+111 java.base@20.0.2
j  jdk.internal.module.ModuleInfo.doRead(Ljava/io/DataInput;)Ljdk/internal/module/ModuleInfo$Attributes;+542 java.base@20.0.2
j  jdk.internal.module.ModuleInfo.read(Ljava/io/InputStream;Ljava/util/function/Supplier;)Ljdk/internal/module/ModuleInfo$Attributes;+16 java.base@20.0.2
j  jdk.internal.module.ModulePath.readExplodedModule(Ljava/nio/file/Path;)Ljava/lang/module/ModuleReference;+35 java.base@20.0.2
j  jdk.internal.module.ModulePath.readModule(Ljava/nio/file/Path;Ljava/nio/file/attribute/BasicFileAttributes;)Ljava/lang/module/ModuleReference;+11 java.base@20.0.2
j  jdk.internal.module.ModulePath.scan(Ljava/nio/file/Path;)Ljava/util/Map;+67 java.base@20.0.2
j  jdk.internal.module.ModulePath.scanNextEntry()V+23 java.base@20.0.2
j  jdk.internal.module.ModulePath.find(Ljava/lang/String;)Ljava/util/Optional;+36 java.base@20.0.2
j  java.lang.module.ModuleFinder$2.lambda$find$0(Ljava/lang/String;Ljava/lang/module/ModuleFinder;)Ljava/util/Optional;+2 java.base@20.0.2
j  java.lang.module.ModuleFinder$2$$Lambda$1+0x0000000100012bd0.apply(Ljava/lang/Object;)Ljava/lang/Object;+8 java.base@20.0.2
j  java.util.stream.ReferencePipeline$3$1.accept(Ljava/lang/Object;)V+12 java.base@20.0.2
j  java.util.AbstractList$RandomAccessSpliterator.tryAdvance(Ljava/util/function/Consumer;)Z+43 java.base@20.0.2
j  java.util.stream.ReferencePipeline.forEachWithCancel(Ljava/util/Spliterator;Ljava/util/stream/Sink;)Z+13 java.base@20.0.2
j  java.util.stream.AbstractPipeline.copyIntoWithCancel(Ljava/util/stream/Sink;Ljava/util/Spliterator;)Z+32 java.base@20.0.2
j  java.util.stream.AbstractPipeline.copyInto(Ljava/util/stream/Sink;Ljava/util/Spliterator;)V+49 java.base@20.0.2
j  java.util.stream.AbstractPipeline.wrapAndCopyInto(Ljava/util/stream/Sink;Ljava/util/Spliterator;)Ljava/util/stream/Sink;+13 java.base@20.0.2
j  java.util.stream.FindOps$FindOp.evaluateSequential(Ljava/util/stream/PipelineHelper;Ljava/util/Spliterator;)Ljava/lang/Object;+14 java.base@20.0.2
j  java.util.stream.AbstractPipeline.evaluate(Ljava/util/stream/TerminalOp;)Ljava/lang/Object;+88 java.base@20.0.2
j  java.util.stream.ReferencePipeline.findFirst()Ljava/util/Optional;+5 java.base@20.0.2
j  java.lang.module.ModuleFinder$2.find(Ljava/lang/String;)Ljava/util/Optional;+53 java.base@20.0.2
j  java.lang.module.Resolver.findWithBeforeFinder(Ljava/lang/String;)Ljava/lang/module/ModuleReference;+5 java.base@20.0.2
j  java.lang.module.Resolver.resolve(Ljava/util/Collection;)Ljava/lang/module/Resolver;+38 java.base@20.0.2
j  java.lang.module.Configuration.resolveAndBind(Ljava/lang/module/ModuleFinder;Ljava/util/Collection;Ljava/io/PrintStream;)Ljava/lang/module/Configuration;+29 java.base@20.0.2
j  java.lang.module.ModuleDescriptor$1.resolveAndBind(Ljava/lang/module/ModuleFinder;Ljava/util/Collection;Ljava/io/PrintStream;)Ljava/lang/module/Configuration;+3 java.base@20.0.2
j  jdk.internal.module.Modules.newBootLayerConfiguration(Ljava/lang/module/ModuleFinder;Ljava/util/Collection;Ljava/io/PrintStream;)Ljava/lang/module/Configuration;+6 java.base@20.0.2
j  jdk.internal.module.ModuleBootstrap.boot2()Ljava/lang/ModuleLayer;+896 java.base@20.0.2
j  jdk.internal.module.ModuleBootstrap.boot()Ljava/lang/ModuleLayer;+64 java.base@20.0.2
j  java.lang.System.initPhase2(ZZ)I+0 java.base@20.0.2
v  ~StubRoutines::call_stub 0x0000029173f810e7

---------------  P R O C E S S  ---------------

Threads class SMR info:
_java_thread_list=0x0000029104540dd0, length=10, elements={
0x00000291631bc3e0, 0x00000291001ea330, 0x00000291001ebee0, 0x0000029104418340,
0x0000029104418c80, 0x000002910440a080, 0x00000291001f50f0, 0x00000291001fe5f0,
0x000002910440d850, 0x00000291044c9090
}

Java Threads: ( => current thread )
=>0x00000291631bc3e0 JavaThread "main" [_thread_in_vm, id=15320, stack(0x0000009257600000,0x0000009257700000)]
  0x00000291001ea330 JavaThread "Reference Handler" daemon [_thread_blocked, id=7224, stack(0x0000009257e00000,0x0000009257f00000)]
  0x00000291001ebee0 JavaThread "Finalizer" daemon [_thread_blocked, id=9264, stack(0x0000009257f00000,0x0000009258000000)]
  0x0000029104418340 JavaThread "Signal Dispatcher" daemon [_thread_blocked, id=8956, stack(0x0000009258000000,0x0000009258100000)]
  0x0000029104418c80 JavaThread "Attach Listener" daemon [_thread_blocked, id=15736, stack(0x0000009258100000,0x0000009258200000)]
  0x000002910440a080 JavaThread "Service Thread" daemon [_thread_blocked, id=12704, stack(0x0000009258200000,0x0000009258300000)]
  0x00000291001f50f0 JavaThread "Monitor Deflation Thread" daemon [_thread_blocked, id=16260, stack(0x0000009258300000,0x0000009258400000)]
  0x00000291001fe5f0 JavaThread "C2 CompilerThread0" daemon [_thread_blocked, id=11404, stack(0x0000009258400000,0x0000009258500000)]
  0x000002910440d850 JavaThread "C1 CompilerThread0" daemon [_thread_blocked, id=14756, stack(0x0000009258500000,0x0000009258600000)]
  0x00000291044c9090 JavaThread "Common-Cleaner" daemon [_thread_blocked, id=7064, stack(0x0000009258600000,0x0000009258700000)]

Other Threads:
  0x0000029100197c00 VMThread "VM Thread" [stack: 0x0000009257c00000,0x0000009257d00000] [id=11268]
  0x00000291631fff90 WorkerThread "GC Thread#0" [stack: 0x0000009257700000,0x0000009257800000] [id=16176]
  0x0000029163209970 ConcurrentGCThread "G1 Main Marker" [stack: 0x0000009257800000,0x0000009257900000] [id=5900]
  0x000002916320a2a0 WorkerThread "G1 Conc#0" [stack: 0x0000009257900000,0x0000009257a00000] [id=15908]
  0x0000029163261e60 ConcurrentGCThread "G1 Refine#0" [stack: 0x0000009257a00000,0x0000009257b00000] [id=11312]
  0x0000029163262800 ConcurrentGCThread "G1 Service" [stack: 0x0000009257b00000,0x0000009257c00000] [id=17252]

Threads with active compile tasks:

VM state: not at safepoint (normal execution)

VM Mutex/Monitor currently owned by a thread:  ([mutex/lock_event])
[0x00000291631b68e0] Metaspace_lock - owner thread: 0x00000291631bc3e0

Heap address: 0x00000000c3000000, size: 976 MB, Compressed Oops mode: 32-bit

CDS archive(s) not mapped
Compressed class space mapped at: 0x0000000100000000-0x0000000140000000, reserved size: 1073741824
Narrow klass base: 0x0000000000000000, Narrow klass shift: 3, Narrow klass range: 0x140000000

GC Precious Log:
 CardTable entry size: 512
 Card Set container configuration: InlinePtr #cards 5 size 8 Array Of Cards #cards 12 size 40 Howl #buckets 4 coarsen threshold 1843 Howl Bitmap #cards 512 size 80 coarsen threshold 460 Card regions per heap region 1 cards per card region 2048
 CPUs: 4 total, 4 available
 Memory: 3901M
 Large Page Support: Disabled
 NUMA Support: Disabled
 Compressed Oops: Enabled (32-bit)
 Heap Region Size: 1M
 Heap Min Capacity: 8M
 Heap Initial Capacity: 62M
 Heap Max Capacity: 976M
 Pre-touch: Disabled
 Parallel Workers: 4
 Concurrent Workers: 1
 Concurrent Refinement Workers: 4
 Periodic GC: Disabled

Heap:
 garbage-first heap   total 63488K, used 1024K [0x00000000c3000000, 0x0000000100000000)
  region size 1024K, 2 young (2048K), 0 survivors (0K)
 Metaspace       used 5996K, committed 6080K, reserved 1114112K
  class space    used 492K, committed 512K, reserved 1048576K

Heap Regions: E=young(eden), S=young(survivor), O=old, HS=humongous(starts), HC=humongous(continues), CS=collection set, F=free, OA=open archive, CA=closed archive, TAMS=top-at-mark-start, PB=parsable bottom
|   0|0x00000000c3000000, 0x00000000c3000000, 0x00000000c3100000|  0%| F|  |TAMS 0x00000000c3000000| PB 0x00000000c3000000| Untracked 
|   1|0x00000000c3100000, 0x00000000c3100000, 0x00000000c3200000|  0%| F|  |TAMS 0x00000000c3100000| PB 0x00000000c3100000| Untracked 
|   2|0x00000000c3200000, 0x00000000c3200000, 0x00000000c3300000|  0%| F|  |TAMS 0x00000000c3200000| PB 0x00000000c3200000| Untracked 
|   3|0x00000000c3300000, 0x00000000c3300000, 0x00000000c3400000|  0%| F|  |TAMS 0x00000000c3300000| PB 0x00000000c3300000| Untracked 
|   4|0x00000000c3400000, 0x00000000c3400000, 0x00000000c3500000|  0%| F|  |TAMS 0x00000000c3400000| PB 0x00000000c3400000| Untracked 
|   5|0x00000000c3500000, 0x00000000c3500000, 0x00000000c3600000|  0%| F|  |TAMS 0x00000000c3500000| PB 0x00000000c3500000| Untracked 
|   6|0x00000000c3600000, 0x00000000c3600000, 0x00000000c3700000|  0%| F|  |TAMS 0x00000000c3600000| PB 0x00000000c3600000| Untracked 
|   7|0x00000000c3700000, 0x00000000c3700000, 0x00000000c3800000|  0%| F|  |TAMS 0x00000000c3700000| PB 0x00000000c3700000| Untracked 
|   8|0x00000000c3800000, 0x00000000c3800000, 0x00000000c3900000|  0%| F|  |TAMS 0x00000000c3800000| PB 0x00000000c3800000| Untracked 
|   9|0x00000000c3900000, 0x00000000c3900000, 0x00000000c3a00000|  0%| F|  |TAMS 0x00000000c3900000| PB 0x00000000c3900000| Untracked 
|  10|0x00000000c3a00000, 0x00000000c3a00000, 0x00000000c3b00000|  0%| F|  |TAMS 0x00000000c3a00000| PB 0x00000000c3a00000| Untracked 
|  11|0x00000000c3b00000, 0x00000000c3b00000, 0x00000000c3c00000|  0%| F|  |TAMS 0x00000000c3b00000| PB 0x00000000c3b00000| Untracked 
|  12|0x00000000c3c00000, 0x00000000c3c00000, 0x00000000c3d00000|  0%| F|  |TAMS 0x00000000c3c00000| PB 0x00000000c3c00000| Untracked 
|  13|0x00000000c3d00000, 0x00000000c3d00000, 0x00000000c3e00000|  0%| F|  |TAMS 0x00000000c3d00000| PB 0x00000000c3d00000| Untracked 
|  14|0x00000000c3e00000, 0x00000000c3e00000, 0x00000000c3f00000|  0%| F|  |TAMS 0x00000000c3e00000| PB 0x00000000c3e00000| Untracked 
|  15|0x00000000c3f00000, 0x00000000c3f00000, 0x00000000c4000000|  0%| F|  |TAMS 0x00000000c3f00000| PB 0x00000000c3f00000| Untracked 
|  16|0x00000000c4000000, 0x00000000c4000000, 0x00000000c4100000|  0%| F|  |TAMS 0x00000000c4000000| PB 0x00000000c4000000| Untracked 
|  17|0x00000000c4100000, 0x00000000c4100000, 0x00000000c4200000|  0%| F|  |TAMS 0x00000000c4100000| PB 0x00000000c4100000| Untracked 
|  18|0x00000000c4200000, 0x00000000c4200000, 0x00000000c4300000|  0%| F|  |TAMS 0x00000000c4200000| PB 0x00000000c4200000| Untracked 
|  19|0x00000000c4300000, 0x00000000c4300000, 0x00000000c4400000|  0%| F|  |TAMS 0x00000000c4300000| PB 0x00000000c4300000| Untracked 
|  20|0x00000000c4400000, 0x00000000c4400000, 0x00000000c4500000|  0%| F|  |TAMS 0x00000000c4400000| PB 0x00000000c4400000| Untracked 
|  21|0x00000000c4500000, 0x00000000c4500000, 0x00000000c4600000|  0%| F|  |TAMS 0x00000000c4500000| PB 0x00000000c4500000| Untracked 
|  22|0x00000000c4600000, 0x00000000c4600000, 0x00000000c4700000|  0%| F|  |TAMS 0x00000000c4600000| PB 0x00000000c4600000| Untracked 
|  23|0x00000000c4700000, 0x00000000c4700000, 0x00000000c4800000|  0%| F|  |TAMS 0x00000000c4700000| PB 0x00000000c4700000| Untracked 
|  24|0x00000000c4800000, 0x00000000c4800000, 0x00000000c4900000|  0%| F|  |TAMS 0x00000000c4800000| PB 0x00000000c4800000| Untracked 
|  25|0x00000000c4900000, 0x00000000c4900000, 0x00000000c4a00000|  0%| F|  |TAMS 0x00000000c4900000| PB 0x00000000c4900000| Untracked 
|  26|0x00000000c4a00000, 0x00000000c4a00000, 0x00000000c4b00000|  0%| F|  |TAMS 0x00000000c4a00000| PB 0x00000000c4a00000| Untracked 
|  27|0x00000000c4b00000, 0x00000000c4b00000, 0x00000000c4c00000|  0%| F|  |TAMS 0x00000000c4b00000| PB 0x00000000c4b00000| Untracked 
|  28|0x00000000c4c00000, 0x00000000c4c00000, 0x00000000c4d00000|  0%| F|  |TAMS 0x00000000c4c00000| PB 0x00000000c4c00000| Untracked 
|  29|0x00000000c4d00000, 0x00000000c4d00000, 0x00000000c4e00000|  0%| F|  |TAMS 0x00000000c4d00000| PB 0x00000000c4d00000| Untracked 
|  30|0x00000000c4e00000, 0x00000000c4e00000, 0x00000000c4f00000|  0%| F|  |TAMS 0x00000000c4e00000| PB 0x00000000c4e00000| Untracked 
|  31|0x00000000c4f00000, 0x00000000c4f00000, 0x00000000c5000000|  0%| F|  |TAMS 0x00000000c4f00000| PB 0x00000000c4f00000| Untracked 
|  32|0x00000000c5000000, 0x00000000c5000000, 0x00000000c5100000|  0%| F|  |TAMS 0x00000000c5000000| PB 0x00000000c5000000| Untracked 
|  33|0x00000000c5100000, 0x00000000c5100000, 0x00000000c5200000|  0%| F|  |TAMS 0x00000000c5100000| PB 0x00000000c5100000| Untracked 
|  34|0x00000000c5200000, 0x00000000c5200000, 0x00000000c5300000|  0%| F|  |TAMS 0x00000000c5200000| PB 0x00000000c5200000| Untracked 
|  35|0x00000000c5300000, 0x00000000c5300000, 0x00000000c5400000|  0%| F|  |TAMS 0x00000000c5300000| PB 0x00000000c5300000| Untracked 
|  36|0x00000000c5400000, 0x00000000c5400000, 0x00000000c5500000|  0%| F|  |TAMS 0x00000000c5400000| PB 0x00000000c5400000| Untracked 
|  37|0x00000000c5500000, 0x00000000c5500000, 0x00000000c5600000|  0%| F|  |TAMS 0x00000000c5500000| PB 0x00000000c5500000| Untracked 
|  38|0x00000000c5600000, 0x00000000c5600000, 0x00000000c5700000|  0%| F|  |TAMS 0x00000000c5600000| PB 0x00000000c5600000| Untracked 
|  39|0x00000000c5700000, 0x00000000c5700000, 0x00000000c5800000|  0%| F|  |TAMS 0x00000000c5700000| PB 0x00000000c5700000| Untracked 
|  40|0x00000000c5800000, 0x00000000c5800000, 0x00000000c5900000|  0%| F|  |TAMS 0x00000000c5800000| PB 0x00000000c5800000| Untracked 
|  41|0x00000000c5900000, 0x00000000c5900000, 0x00000000c5a00000|  0%| F|  |TAMS 0x00000000c5900000| PB 0x00000000c5900000| Untracked 
|  42|0x00000000c5a00000, 0x00000000c5a00000, 0x00000000c5b00000|  0%| F|  |TAMS 0x00000000c5a00000| PB 0x00000000c5a00000| Untracked 
|  43|0x00000000c5b00000, 0x00000000c5b00000, 0x00000000c5c00000|  0%| F|  |TAMS 0x00000000c5b00000| PB 0x00000000c5b00000| Untracked 
|  44|0x00000000c5c00000, 0x00000000c5c00000, 0x00000000c5d00000|  0%| F|  |TAMS 0x00000000c5c00000| PB 0x00000000c5c00000| Untracked 
|  45|0x00000000c5d00000, 0x00000000c5d00000, 0x00000000c5e00000|  0%| F|  |TAMS 0x00000000c5d00000| PB 0x00000000c5d00000| Untracked 
|  46|0x00000000c5e00000, 0x00000000c5e00000, 0x00000000c5f00000|  0%| F|  |TAMS 0x00000000c5e00000| PB 0x00000000c5e00000| Untracked 
|  47|0x00000000c5f00000, 0x00000000c5f00000, 0x00000000c6000000|  0%| F|  |TAMS 0x00000000c5f00000| PB 0x00000000c5f00000| Untracked 
|  48|0x00000000c6000000, 0x00000000c6000000, 0x00000000c6100000|  0%| F|  |TAMS 0x00000000c6000000| PB 0x00000000c6000000| Untracked 
|  49|0x00000000c6100000, 0x00000000c6100000, 0x00000000c6200000|  0%| F|  |TAMS 0x00000000c6100000| PB 0x00000000c6100000| Untracked 
|  50|0x00000000c6200000, 0x00000000c6200000, 0x00000000c6300000|  0%| F|  |TAMS 0x00000000c6200000| PB 0x00000000c6200000| Untracked 
|  51|0x00000000c6300000, 0x00000000c6300000, 0x00000000c6400000|  0%| F|  |TAMS 0x00000000c6300000| PB 0x00000000c6300000| Untracked 
|  52|0x00000000c6400000, 0x00000000c6400000, 0x00000000c6500000|  0%| F|  |TAMS 0x00000000c6400000| PB 0x00000000c6400000| Untracked 
|  53|0x00000000c6500000, 0x00000000c6500000, 0x00000000c6600000|  0%| F|  |TAMS 0x00000000c6500000| PB 0x00000000c6500000| Untracked 
|  54|0x00000000c6600000, 0x00000000c6600000, 0x00000000c6700000|  0%| F|  |TAMS 0x00000000c6600000| PB 0x00000000c6600000| Untracked 
|  55|0x00000000c6700000, 0x00000000c6700000, 0x00000000c6800000|  0%| F|  |TAMS 0x00000000c6700000| PB 0x00000000c6700000| Untracked 
|  56|0x00000000c6800000, 0x00000000c6800000, 0x00000000c6900000|  0%| F|  |TAMS 0x00000000c6800000| PB 0x00000000c6800000| Untracked 
|  57|0x00000000c6900000, 0x00000000c6900000, 0x00000000c6a00000|  0%| F|  |TAMS 0x00000000c6900000| PB 0x00000000c6900000| Untracked 
|  58|0x00000000c6a00000, 0x00000000c6a00000, 0x00000000c6b00000|  0%| F|  |TAMS 0x00000000c6a00000| PB 0x00000000c6a00000| Untracked 
|  59|0x00000000c6b00000, 0x00000000c6b00000, 0x00000000c6c00000|  0%| F|  |TAMS 0x00000000c6b00000| PB 0x00000000c6b00000| Untracked 
|  60|0x00000000c6c00000, 0x00000000c6c85ad8, 0x00000000c6d00000| 52%| E|  |TAMS 0x00000000c6c00000| PB 0x00000000c6c00000| Complete 
|  61|0x00000000c6d00000, 0x00000000c6e00000, 0x00000000c6e00000|100%| E|CS|TAMS 0x00000000c6d00000| PB 0x00000000c6d00000| Complete 

Card table byte_map: [0x000002917c260000,0x000002917c450000] _byte_map_base: 0x000002917bc48000

Marking Bits: (CMBitMap*) 0x00000291632004c0
 Bits: [0x000002917c640000, 0x000002917d580000)

Polling page: 0x0000029163050000

Metaspace:

Usage:
  Non-class:      5.38 MB used.
      Class:    492.45 KB used.
       Both:      5.86 MB used.

Virtual space:
  Non-class space:       64.00 MB reserved,       5.44 MB (  8%) committed,  1 nodes.
      Class space:        1.00 GB reserved,     512.00 KB ( <1%) committed,  1 nodes.
             Both:        1.06 GB reserved,       5.94 MB ( <1%) committed. 

Chunk freelists:
   Non-Class:  2.50 MB
       Class:  3.51 MB
        Both:  6.01 MB

MaxMetaspaceSize: unlimited
CompressedClassSpaceSize: 1.00 GB
Initial GC threshold: 21.00 MB
Current GC threshold: 21.00 MB
CDS: off
MetaspaceReclaimPolicy: balanced
 - commit_granule_bytes: 65536.
 - commit_granule_words: 8192.
 - virtual_space_node_default_size: 8388608.
 - enlarge_chunks_in_place: 1.
 - new_chunks_are_fully_committed: 0.
 - uncommit_free_chunks: 1.
 - use_allocation_guard: 0.


Internal statistics:

num_allocs_failed_limit: 0.
num_arena_births: 6.
num_arena_deaths: 0.
num_vsnodes_births: 2.
num_vsnodes_deaths: 0.
num_space_committed: 95.
num_space_uncommitted: 0.
num_chunks_returned_to_freelist: 0.
num_chunks_taken_from_freelist: 13.
num_chunk_merges: 0.
num_chunk_splits: 5.
num_chunks_enlarged: 2.
num_inconsistent_stats: 0.

CodeHeap 'non-profiled nmethods': size=120000Kb used=26Kb max_used=26Kb free=119974Kb
 bounds [0x0000029174520000, 0x0000029174790000, 0x000002917ba50000]
CodeHeap 'profiled nmethods': size=120000Kb used=90Kb max_used=90Kb free=119909Kb
 bounds [0x000002916ca50000, 0x000002916ccc0000, 0x0000029173f80000]
CodeHeap 'non-nmethods': size=5760Kb used=1412Kb max_used=1412Kb free=4347Kb
 bounds [0x0000029173f80000, 0x00000291741f0000, 0x0000029174520000]
 total_blobs=473 nmethods=88 adapters=296
 compilation: enabled
              stopped_count=0, restarted_count=0
 full_count=0

Compilation events (20 events):
Event: 0.275 Thread 0x000002910440d850   76       3       java.lang.invoke.MemberName::isInvocable (8 bytes)
Event: 0.275 Thread 0x000002910440d850 nmethod 76 0x000002916ca64690 code [0x000002916ca64820, 0x000002916ca649f0]
Event: 0.275 Thread 0x000002910440d850   80       3       java.util.concurrent.ConcurrentHashMap::spread (10 bytes)
Event: 0.275 Thread 0x000002910440d850 nmethod 80 0x000002916ca64a90 code [0x000002916ca64c20, 0x000002916ca64d18]
Event: 0.275 Thread 0x000002910440d850   77       3       java.lang.invoke.MemberName::anyFlagSet (15 bytes)
Event: 0.275 Thread 0x000002910440d850 nmethod 77 0x000002916ca64d90 code [0x000002916ca64f20, 0x000002916ca65090]
Event: 0.275 Thread 0x000002910440d850   78       3       java.lang.Class::getClassLoader (28 bytes)
Event: 0.276 Thread 0x000002910440d850 nmethod 78 0x000002916ca65110 code [0x000002916ca65340, 0x000002916ca65e70]
Event: 0.276 Thread 0x000002910440d850   79       1       java.lang.invoke.MethodType::ptypes (5 bytes)
Event: 0.276 Thread 0x000002910440d850 nmethod 79 0x0000029174525910 code [0x0000029174525a80, 0x0000029174525b48]
Event: 0.276 Thread 0x000002910440d850   82       3       java.lang.invoke.MethodType$ConcurrentWeakInternSet::expungeStaleElements (27 bytes)
Event: 0.276 Thread 0x000002910440d850 nmethod 82 0x000002916ca66190 code [0x000002916ca66360, 0x000002916ca666d8]
Event: 0.278 Thread 0x000002910440d850   85       1       java.util.concurrent.locks.AbstractOwnableSynchronizer::setExclusiveOwnerThread (6 bytes)
Event: 0.278 Thread 0x000002910440d850 nmethod 85 0x0000029174525c10 code [0x0000029174525da0, 0x0000029174525eb8]
Event: 0.278 Thread 0x000002910440d850   86       1       java.util.concurrent.locks.AbstractQueuedSynchronizer::getState (5 bytes)
Event: 0.278 Thread 0x000002910440d850 nmethod 86 0x0000029174525f10 code [0x0000029174526080, 0x0000029174526148]
Event: 0.278 Thread 0x000002910440d850   87       1       java.util.concurrent.locks.AbstractOwnableSynchronizer::getExclusiveOwnerThread (5 bytes)
Event: 0.278 Thread 0x000002910440d850 nmethod 87 0x0000029174526210 code [0x0000029174526380, 0x0000029174526448]
Event: 0.278 Thread 0x000002910440d850   88       1       java.util.concurrent.locks.AbstractQueuedSynchronizer::setState (6 bytes)
Event: 0.278 Thread 0x000002910440d850 nmethod 88 0x0000029174526510 code [0x0000029174526680, 0x0000029174526750]

GC Heap History (0 events):
No events

Dll operation events (4 events):
Event: 0.010 Loaded shared library C:\Program Files\Java\jdk-20\bin\java.dll
Event: 0.073 Loaded shared library C:\Program Files\Java\jdk-20\bin\jsvml.dll
Event: 0.266 Loaded shared library C:\Program Files\Java\jdk-20\bin\net.dll
Event: 0.268 Loaded shared library C:\Program Files\Java\jdk-20\bin\nio.dll

Deoptimization events (0 events):
No events

Classes loaded (20 events):
Event: 0.276 Loading class sun/nio/ch/Util
Event: 0.277 Loading class sun/nio/ch/Util done
Event: 0.277 Loading class sun/nio/ch/Util$1
Event: 0.277 Loading class sun/nio/ch/Util$1 done
Event: 0.277 Loading class sun/nio/ch/Util$BufferCache
Event: 0.277 Loading class sun/nio/ch/Util$BufferCache done
Event: 0.277 Loading class java/nio/DirectByteBuffer$Deallocator
Event: 0.277 Loading class java/nio/DirectByteBuffer$Deallocator done
Event: 0.277 Loading class sun/nio/ch/IOStatus
Event: 0.277 Loading class sun/nio/ch/IOStatus done
Event: 0.277 Loading class jdk/internal/module/ModuleInfo$ConstantPool
Event: 0.277 Loading class jdk/internal/module/ModuleInfo$ConstantPool done
Event: 0.278 Loading class jdk/internal/module/ModuleInfo$ConstantPool$Entry
Event: 0.278 Loading class jdk/internal/module/ModuleInfo$ConstantPool$Entry done
Event: 0.278 Loading class jdk/internal/module/ModuleInfo$ConstantPool$IndexEntry
Event: 0.278 Loading class jdk/internal/module/ModuleInfo$ConstantPool$IndexEntry done
Event: 0.278 Loading class jdk/internal/module/ModuleInfo$ConstantPool$ValueEntry
Event: 0.278 Loading class jdk/internal/module/ModuleInfo$ConstantPool$ValueEntry done
Event: 0.278 Loading class java/lang/module/ModuleDescriptor$Builder
Event: 0.278 Loading class java/lang/module/ModuleDescriptor$Builder done

Classes unloaded (0 events):
No events

Classes redefined (0 events):
No events

Internal exceptions (0 events):
No events

VM Operations (0 events):
No events

Events (10 events):
Event: 0.073 Thread 0x00000291631bc3e0 Thread added: 0x00000291631bc3e0
Event: 0.118 Thread 0x00000291001ea330 Thread added: 0x00000291001ea330
Event: 0.119 Thread 0x00000291001ebee0 Thread added: 0x00000291001ebee0
Event: 0.122 Thread 0x0000029104418340 Thread added: 0x0000029104418340
Event: 0.122 Thread 0x0000029104418c80 Thread added: 0x0000029104418c80
Event: 0.122 Thread 0x000002910440a080 Thread added: 0x000002910440a080
Event: 0.122 Thread 0x00000291001f50f0 Thread added: 0x00000291001f50f0
Event: 0.123 Thread 0x00000291001fe5f0 Thread added: 0x00000291001fe5f0
Event: 0.123 Thread 0x000002910440d850 Thread added: 0x000002910440d850
Event: 0.249 Thread 0x00000291044c9090 Thread added: 0x00000291044c9090


Dynamic libraries:
0x00007ff77ff90000 - 0x00007ff77ffa0000 	C:\Program Files\Java\jdk-20\bin\javaw.exe
0x00007ffee3d10000 - 0x00007ffee3f26000 	C:\WINDOWS\SYSTEM32\ntdll.dll
0x00007ffee2ab0000 - 0x00007ffee2b74000 	C:\WINDOWS\System32\KERNEL32.DLL
0x00007ffee1050000 - 0x00007ffee13f6000 	C:\WINDOWS\System32\KERNELBASE.dll
0x00007ffee15f0000 - 0x00007ffee1701000 	C:\WINDOWS\System32\ucrtbase.dll
0x00007ffec9620000 - 0x00007ffec9639000 	C:\Program Files\Java\jdk-20\bin\jli.dll
0x00007ffee3a40000 - 0x00007ffee3af2000 	C:\WINDOWS\System32\ADVAPI32.dll
0x00007ffee2280000 - 0x00007ffee2327000 	C:\WINDOWS\System32\msvcrt.dll
0x00007ffee2020000 - 0x00007ffee20c8000 	C:\WINDOWS\System32\sechost.dll
0x00007ffee1400000 - 0x00007ffee1428000 	C:\WINDOWS\System32\bcrypt.dll
0x00007ffee1f00000 - 0x00007ffee2015000 	C:\WINDOWS\System32\RPCRT4.dll
0x00007ffee3890000 - 0x00007ffee3a3d000 	C:\WINDOWS\System32\USER32.dll
0x00007ffee15c0000 - 0x00007ffee15e6000 	C:\WINDOWS\System32\win32u.dll
0x00007ffee1e20000 - 0x00007ffee1e49000 	C:\WINDOWS\System32\GDI32.dll
0x00007ffee1940000 - 0x00007ffee1a58000 	C:\WINDOWS\System32\gdi32full.dll
0x00007ffee1520000 - 0x00007ffee15ba000 	C:\WINDOWS\System32\msvcp_win.dll
0x00007ffec9380000 - 0x00007ffec939b000 	C:\Program Files\Java\jdk-20\bin\VCRUNTIME140.dll
0x00007ffecc0a0000 - 0x00007ffecc333000 	C:\WINDOWS\WinSxS\amd64_microsoft.windows.common-controls_6595b64144ccf1df_6.0.22621.3235_none_270f74e173860f98\COMCTL32.dll
0x00007ffeda8a0000 - 0x00007ffeda8aa000 	C:\WINDOWS\SYSTEM32\VERSION.dll
0x00007ffee2b80000 - 0x00007ffee2bb1000 	C:\WINDOWS\System32\IMM32.DLL
0x00007ffed1ac0000 - 0x00007ffed1acc000 	C:\Program Files\Java\jdk-20\bin\vcruntime140_1.dll
0x00007ffeac730000 - 0x00007ffeac7be000 	C:\Program Files\Java\jdk-20\bin\msvcp140.dll
0x00007ffe67140000 - 0x00007ffe67dd8000 	C:\Program Files\Java\jdk-20\bin\server\jvm.dll
0x00007ffed8d70000 - 0x00007ffed8da4000 	C:\WINDOWS\SYSTEM32\WINMM.dll
0x00007ffeda9e0000 - 0x00007ffeda9e9000 	C:\WINDOWS\SYSTEM32\WSOCK32.dll
0x00007ffee3810000 - 0x00007ffee3881000 	C:\WINDOWS\System32\WS2_32.dll
0x00007ffee0090000 - 0x00007ffee00a8000 	C:\WINDOWS\SYSTEM32\kernel.appcore.dll
0x00007ffedc150000 - 0x00007ffedc15a000 	C:\Program Files\Java\jdk-20\bin\jimage.dll
0x00007ffede900000 - 0x00007ffedeb33000 	C:\WINDOWS\SYSTEM32\DBGHELP.DLL
0x00007ffee3480000 - 0x00007ffee3808000 	C:\WINDOWS\System32\combase.dll
0x00007ffee2330000 - 0x00007ffee2407000 	C:\WINDOWS\System32\OLEAUT32.dll
0x00007ffed59f0000 - 0x00007ffed5a22000 	C:\WINDOWS\SYSTEM32\dbgcore.DLL
0x00007ffee14a0000 - 0x00007ffee151a000 	C:\WINDOWS\System32\bcryptPrimitives.dll
0x00007ffec94e0000 - 0x00007ffec9506000 	C:\Program Files\Java\jdk-20\bin\java.dll
0x00007ffeb5ee0000 - 0x00007ffeb5fb7000 	C:\Program Files\Java\jdk-20\bin\jsvml.dll
0x00007ffee2c20000 - 0x00007ffee347d000 	C:\WINDOWS\System32\SHELL32.dll
0x00007ffedefb0000 - 0x00007ffedf8a8000 	C:\WINDOWS\SYSTEM32\windows.storage.dll
0x00007ffedee70000 - 0x00007ffedefae000 	C:\WINDOWS\SYSTEM32\wintypes.dll
0x00007ffee1ab0000 - 0x00007ffee1ba3000 	C:\WINDOWS\System32\SHCORE.dll
0x00007ffee2bc0000 - 0x00007ffee2c1e000 	C:\WINDOWS\System32\shlwapi.dll
0x00007ffee0f80000 - 0x00007ffee0fa6000 	C:\WINDOWS\SYSTEM32\profapi.dll
0x00007ffed5860000 - 0x00007ffed5873000 	C:\Program Files\Java\jdk-20\bin\net.dll
0x00007ffedae80000 - 0x00007ffedafb7000 	C:\WINDOWS\SYSTEM32\WINHTTP.dll
0x00007ffee0510000 - 0x00007ffee0579000 	C:\WINDOWS\system32\mswsock.dll
0x00007ffed1d20000 - 0x00007ffed1d36000 	C:\Program Files\Java\jdk-20\bin\nio.dll

dbghelp: loaded successfully - version: 4.0.5 - missing functions: none
symbol engine: initialized successfully - sym options: 0x614 - pdb path: .;C:\Program Files\Java\jdk-20\bin;C:\WINDOWS\SYSTEM32;C:\WINDOWS\WinSxS\amd64_microsoft.windows.common-controls_6595b64144ccf1df_6.0.22621.3235_none_270f74e173860f98;C:\Program Files\Java\jdk-20\bin\server

VM Arguments:
jvm_args: -Dfile.encoding=UTF-8 --module-path=C:\Users\ASUS\eclipse-workspace\Rawend_trabelsi\AGENCE2\bin;C:\javafx-sdk-22\lib\javafx-swt.jar;C:\javafx-sdk-22\lib\javafx.base.jar;C:\javafx-sdk-22\lib\javafx.controls.jar;C:\javafx-sdk-22\lib\javafx.fxml.jar;C:\javafx-sdk-22\lib\javafx.graphics.jar;C:\javafx-sdk-22\lib\javafx.media.jar;C:\javafx-sdk-22\lib\javafx.swing.jar;C:\javafx-sdk-22\lib\javafx.web.jar;C:\Users\ASUS\.p2\pool\plugins\org.eclipse.fx.ide.css.jfx8_3.10.0.202303150700.jar;C:\mysql-connector-j-8.4.0\mysql-connector-j-8.4.0.jar -XX:+ShowCodeDetailsInExceptionMessages -Djdk.module.main=AGENCE 
java_command: AGENCE/application.Main
java_class_path (initial): <not set>
Launcher Type: SUN_STANDARD

[Global flags]
     intx CICompilerCount                          = 3                                         {product} {ergonomic}
     uint ConcGCThreads                            = 1                                         {product} {ergonomic}
     uint G1ConcRefinementThreads                  = 4                                         {product} {ergonomic}
   size_t G1HeapRegionSize                         = 1048576                                   {product} {ergonomic}
    uintx GCDrainStackTargetSize                   = 64                                        {product} {ergonomic}
   size_t InitialHeapSize                          = 65011712                                  {product} {ergonomic}
   size_t MarkStackSize                            = 4194304                                   {product} {ergonomic}
   size_t MaxHeapSize                              = 1023410176                                {product} {ergonomic}
   size_t MaxNewSize                               = 613416960                                 {product} {ergonomic}
   size_t MinHeapDeltaBytes                        = 1048576                                   {product} {ergonomic}
   size_t MinHeapSize                              = 8388608                                   {product} {ergonomic}
    uintx NonNMethodCodeHeapSize                   = 5832780                                {pd product} {ergonomic}
    uintx NonProfiledCodeHeapSize                  = 122912730                              {pd product} {ergonomic}
    uintx ProfiledCodeHeapSize                     = 122912730                              {pd product} {ergonomic}
    uintx ReservedCodeCacheSize                    = 251658240                              {pd product} {ergonomic}
     bool SegmentedCodeCache                       = true                                      {product} {ergonomic}
     bool ShowCodeDetailsInExceptionMessages       = true                                   {manageable} {command line}
   size_t SoftMaxHeapSize                          = 1023410176                             {manageable} {ergonomic}
     bool UseCompressedClassPointers               = true                           {product lp64_product} {ergonomic}
     bool UseCompressedOops                        = true                           {product lp64_product} {ergonomic}
     bool UseG1GC                                  = true                                      {product} {ergonomic}
     bool UseLargePagesIndividualAllocation        = false                                  {pd product} {ergonomic}

Logging:
Log output configuration:
 #0: stdout all=warning uptime,level,tags foldmultilines=false
 #1: stderr all=off uptime,level,tags foldmultilines=false

Environment Variables:
PATH=C:/Program Files/Java/jdk-20/bin/server;C:/Program Files/Java/jdk-20/bin;C:\Program Files\Java\jdk-20\bin;C:\Program Files\nodejs;C:\Program Files\Common Files\Oracle\Java\javapath;C:\xampp\php;C:\ProgramData\ComposerSetup\bin;C:\Program Files (x86)\ComposerSetup;C:\Program Files (x86)\Yarn\bin;C:\Program Files (x86)\Git\cmd;C:\Program Files\nodejs\node_modules\npm\bin;C:\Program Files\nodejs\;C:\Program Files\nodejs;C:\Program Files (x86)\Yarn\bin\;C:\Users\ASUS\scoop\shims;C:\Users\ASUS\AppData\Local\Programs\Python\Python311\Scripts\;C:\Users\ASUS\AppData\Local\Programs\Python\Python311\;C:\Users\ASUS\AppData\Local\Microsoft\WindowsApps;C:\Users\ASUS\AppData\Local\Programs\Microsoft VS Code\bin;C:\Program Files\Java\jdk-20;C:\Users\ASUS\AppData\Roaming\Composer\vendor\bin;C:\Users\ASUS\AppData\Roaming\npm;C:\Users\ASUS\AppData\Local\Yarn\bin;;C:\Users\ASUS\Desktop;
USERNAME=ASUS
OS=Windows_NT
PROCESSOR_IDENTIFIER=Intel64 Family 6 Model 126 Stepping 5, GenuineIntel
TMP=C:\Users\ASUS\AppData\Local\Temp
TEMP=C:\Users\ASUS\AppData\Local\Temp




---------------  S Y S T E M  ---------------

OS:
 Windows 11 , 64 bit Build 22621 (10.0.22621.3235)
OS uptime: 2 days 23:50 hours

CPU: total 4 (initial active 4) (2 cores per cpu, 2 threads per core) family 6 model 126 stepping 5 microcode 0xa0, cx8, cmov, fxsr, ht, mmx, 3dnowpref, sse, sse2, sse3, ssse3, sse4.1, sse4.2, popcnt, lzcnt, tsc, tscinvbit, avx, avx2, aes, erms, clmul, bmi1, bmi2, adx, avx512f, avx512dq, avx512cd, avx512bw, avx512vl, sha, fma, vzeroupper, avx512_vpopcntdq, avx512_vpclmulqdq, avx512_vaes, avx512_vnni, clflush, clflushopt, avx512_vbmi2, avx512_vbmi, rdtscp, rdpid, fsrm, gfni, avx512_bitalg, f16c, pku, avx512_ifma

Memory: 4k page, system-wide physical 3901M (225M free)
TotalPageFile size 15677M (AvailPageFile size 0M)
current process WorkingSet (physical memory assigned to process): 29M, peak: 29M
current process commit charge ("private bytes"): 126M, peak: 127M

vm_info: Java HotSpot(TM) 64-Bit Server VM (20.0.2+9-78) for windows-amd64 JRE (20.0.2+9-78), built on 2023-06-14T10:08:48Z by "mach5one" with MS VC++ 17.1 (VS2022)

END.
