#
# There is insufficient memory for the Java Runtime Environment to continue.
# Native memory allocation (malloc) failed to allocate 1048576 bytes for AllocateHeap
# Possible reasons:
#   The system is out of physical RAM or swap space
#   The process is running with CompressedOops enabled, and the Java Heap may be blocking the growth of the native heap
# Possible solutions:
#   Reduce memory load on the system
#   Increase physical memory or swap space
#   Check if swap backing store is full
#   Decrease Java heap size (-Xmx/-Xms)
#   Decrease number of Java threads
#   Decrease Java thread stack sizes (-Xss)
#   Set larger code cache with -XX:ReservedCodeCacheSize=
#   JVM is running with Unscaled Compressed Oops mode in which the Java heap is
#     placed in the first 4GB address space. The Java Heap base address is the
#     maximum limit for the native heap growth. Please use -XX:HeapBaseMinAddress
#     to set the Java Heap base and to place the Java Heap above 4GB virtual address.
# This output file may be truncated or incomplete.
#
#  Out of Memory Error (allocation.cpp:44), pid=12424, tid=9332
#
# JRE version:  (20.0.2+9) (build )
# Java VM: Java HotSpot(TM) 64-Bit Server VM (20.0.2+9-78, mixed mode, sharing, tiered, compressed oops, compressed class ptrs, g1 gc, windows-amd64)
# No core dump will be written. Minidumps are not enabled by default on client versions of Windows
#

---------------  S U M M A R Y ------------

Command Line: -Dfile.encoding=UTF-8 --module-path=C:\Users\ASUS\eclipse-workspace\Rawend_trabelsi\AGENCE2\bin;C:\javafx-sdk-22\lib\javafx-swt.jar;C:\javafx-sdk-22\lib\javafx.base.jar;C:\javafx-sdk-22\lib\javafx.controls.jar;C:\javafx-sdk-22\lib\javafx.fxml.jar;C:\javafx-sdk-22\lib\javafx.graphics.jar;C:\javafx-sdk-22\lib\javafx.media.jar;C:\javafx-sdk-22\lib\javafx.swing.jar;C:\javafx-sdk-22\lib\javafx.web.jar;C:\Users\ASUS\.p2\pool\plugins\org.eclipse.fx.ide.css.jfx8_3.10.0.202303150700.jar;C:\mysql-connector-j-8.4.0\mysql-connector-j-8.4.0.jar -XX:+ShowCodeDetailsInExceptionMessages -Djdk.module.main=AGENCE AGENCE/application.Main

Host: Intel(R) Core(TM) i3-1005G1 CPU @ 1.20GHz, 4 cores, 3G,  Windows 11 , 64 bit Build 22621 (10.0.22621.3235)
Time: Fri May 17 00:12:44 2024 Paris, Madrid (heure duild 22621 (10.0.22621.3235) elapsed time: 0.010815 seconds (0d 0h 0m 0s)

---------------  T H R E A D  ---------------

Current thread (0x0000013cca39d9f0):  JavaThread "Unknown thread" [_thread_in_vm, id=9332, stack(0x00000034c8800000,0x00000034c8900000)]

Stack: [0x00000034c8800000,0x00000034c8900000]
Native frames: (J=compiled Java code, j=interpreted, Vv=VM code, C=native code)
V  [jvm.dll+0x6bc25a]
V  [jvm.dll+0x84971a]
V  [jvm.dll+0x84b315]
V  [jvm.dll+0x84ba13]
V  [jvm.dll+0x280e4f]
V  [jvm.dll+0xbce65]
V  [jvm.dll+0x3294c5]
V  [jvm.dll+0x8123aa]
V  [jvm.dll+0x3c1261]
V  [jvm.dll+0x7fe103]
V  [jvm.dll+0x44ccaf]
V  [jvm.dll+0x44e621]
C  [jli.dll+0x5287]
C  [ucrtbase.dll+0x29363]
C  [KERNEL32.DLL+0x1257d]
C  [ntdll.dll+0x5aa58]


---------------  P R O C E S S  ---------------

Threads class SMR info:
_java_thread_list=0x00007ffe67c9b118, length=0, elements={
}

Java Threads: ( => current thread )

Other Threads:

=>0x0000013cca39d9f0 (exited) JavaThread "Unknown thread" [_thread_in_vm, id=9332, stack(0x00000034c8800000,0x00000034c8900000)]

Threads with active compile tasks:

VM state: not at safepoint (not fully initialized)

VM Mutex/Monitor currently owned by a thread: None

Heap address: 0x0000000000000000, size: 0 MB, Compressed Oops mode: 32-bit

CDS archive(s) mapped at: [0x0000000000000000-0x0000000000000000-0x0000000000000000), size 0, SharedBaseAddress: 0x0000000800000000, ArchiveRelocationMode: 1.
Narrow klass base: 0x0000000000000000, Narrow klass shift: 0, Narrow klass range: 0x0

GC Precious Log:
 CardTable entry size: 512
 Card Set container configuration: InlinePtr #cards 5 size 8 Array Of Cards #cards 12 size 40 Howl #buckets 4 coarsen threshold 1843 Howl Bitmap #cards 512 size 80 coarsen threshold 460 Card regions per heap region 1 cards per card region 2048

GC Heap History (0 events):
No events

Dll operation events (1 events):
Event: 0.008 Loaded shared library C:\Program Files\Java\jdk-20\bin\java.dll

Deoptimization events (0 events):
No events

Classes loaded (0 events):
No events

Classes unloaded (0 events):
No events

Classes redefined (0 events):
No events

Internal exceptions (0 events):
No events

VM Operations (0 events):
No events

Events (0 events):
No events


Dynamic libraries:
0x00007ff714ce0000 - 0x00007ff714cf0000 	C:\Program Files\Java\jdk-20\bin\javaw.exe
0x00007ffee3d10000 - 0x00007ffee3f26000 	C:\WINDOWS\SYSTEM32\ntdll.dll
0x00007ffee2ab0000 - 0x00007ffee2b74000 	C:\WINDOWS\System32\KERNEL32.DLL
0x00007ffee1050000 - 0x00007ffee13f6000 	C:\WINDOWS\System32\KERNELBASE.dll
0x00007ffee15f0000 - 0x00007ffee1701000 	C:\WINDOWS\System32\ucrtbase.dll
0x00007ffec9620000 - 0x00007ffec9639000 	C:\Program Files\Java\jdk-20\bin\jli.dll
0x00007ffee3a40000 - 0x00007ffee3af2000 	C:\WINDOWS\System32\ADVAPI32.dll
0x00007ffee2280000 - 0x00007ffee2327000 	C:\WINDOWS\System32\msvcrt.dll
0x00007ffee2020000 - 0x00007ffee20c8000 	C:\WINDOWS\System32\sechost.dll
0x00007ffee1400000 - 0x00007ffee1428000 	C:\WINDOWS\System32\bcrypt.dll
0x00007ffee1f00000 - 0x00007ffee2015000 	C:\WINDOWS\System32\RPCRT4.dll
0x00007ffee3890000 - 0x00007ffee3a3d000 	C:\WINDOWS\System32\USER32.dll
0x00007ffee15c0000 - 0x00007ffee15e6000 	C:\WINDOWS\System32\win32u.dll
0x00007ffee1e20000 - 0x00007ffee1e49000 	C:\WINDOWS\System32\GDI32.dll
0x00007ffee1940000 - 0x00007ffee1a58000 	C:\WINDOWS\System32\gdi32full.dll
0x00007ffee1520000 - 0x00007ffee15ba000 	C:\WINDOWS\System32\msvcp_win.dll
0x00007ffec9380000 - 0x00007ffec939b000 	C:\Program Files\Java\jdk-20\bin\VCRUNTIME140.dll
0x00007ffecc0a0000 - 0x00007ffecc333000 	C:\WINDOWS\WinSxS\amd64_microsoft.windows.common-controls_6595b64144ccf1df_6.0.22621.3235_none_270f74e173860f98\COMCTL32.dll
0x00007ffeda8a0000 - 0x00007ffeda8aa000 	C:\WINDOWS\SYSTEM32\VERSION.dll
0x00007ffee2b80000 - 0x00007ffee2bb1000 	C:\WINDOWS\System32\IMM32.DLL
0x00007ffed1ac0000 - 0x00007ffed1acc000 	C:\Program Files\Java\jdk-20\bin\vcruntime140_1.dll
0x00007ffeb3bf0000 - 0x00007ffeb3c7e000 	C:\Program Files\Java\jdk-20\bin\msvcp140.dll
0x00007ffe67140000 - 0x00007ffe67dd8000 	C:\Program Files\Java\jdk-20\bin\server\jvm.dll
0x00007ffeda9e0000 - 0x00007ffeda9e9000 	C:\WINDOWS\SYSTEM32\WSOCK32.dll
0x00007ffee3810000 - 0x00007ffee3881000 	C:\WINDOWS\System32\WS2_32.dll
0x00007ffed8d70000 - 0x00007ffed8da4000 	C:\WINDOWS\SYSTEM32\WINMM.dll
0x00007ffee0090000 - 0x00007ffee00a8000 	C:\WINDOWS\SYSTEM32\kernel.appcore.dll
0x00007ffedc150000 - 0x00007ffedc15a000 	C:\Program Files\Java\jdk-20\bin\jimage.dll
0x00007ffede900000 - 0x00007ffedeb33000 	C:\WINDOWS\SYSTEM32\DBGHELP.DLL
0x00007ffee3480000 - 0x00007ffee3808000 	C:\WINDOWS\System32\combase.dll
0x00007ffee2330000 - 0x00007ffee2407000 	C:\WINDOWS\System32\OLEAUT32.dll
0x00007ffed59f0000 - 0x00007ffed5a22000 	C:\WINDOWS\SYSTEM32\dbgcore.DLL
0x00007ffee14a0000 - 0x00007ffee151a000 	C:\WINDOWS\System32\bcryptPrimitives.dll
0x00007ffec94e0000 - 0x00007ffec9506000 	C:\Program Files\Java\jdk-20\bin\java.dll

dbghelp: loaded successfully - version: 4.0.5 - missing functions: none
symbol engine: initialized successfully - sym options: 0x614 - pdb path: .;C:\Program Files\Java\jdk-20\bin;C:\WINDOWS\SYSTEM32;C:\WINDOWS\WinSxS\amd64_microsoft.windows.common-controls_6595b64144ccf1df_6.0.22621.3235_none_270f74e173860f98;C:\Program Files\Java\jdk-20\bin\server

VM Arguments:
jvm_args: -Dfile.encoding=UTF-8 --module-path=C:\Users\ASUS\eclipse-workspace\Rawend_trabelsi\AGENCE2\bin;C:\javafx-sdk-22\lib\javafx-swt.jar;C:\javafx-sdk-22\lib\javafx.base.jar;C:\javafx-sdk-22\lib\javafx.controls.jar;C:\javafx-sdk-22\lib\javafx.fxml.jar;C:\javafx-sdk-22\lib\javafx.graphics.jar;C:\javafx-sdk-22\lib\javafx.media.jar;C:\javafx-sdk-22\lib\javafx.swing.jar;C:\javafx-sdk-22\lib\javafx.web.jar;C:\Users\ASUS\.p2\pool\plugins\org.eclipse.fx.ide.css.jfx8_3.10.0.202303150700.jar;C:\mysql-connector-j-8.4.0\mysql-connector-j-8.4.0.jar -XX:+ShowCodeDetailsInExceptionMessages -Djdk.module.main=AGENCE 
java_command: AGENCE/application.Main
java_class_path (initial): <not set>
Launcher Type: SUN_STANDARD

[Global flags]
     intx CICompilerCount                          = 3                                         {product} {ergonomic}
     uint ConcGCThreads                            = 1                                         {product} {ergonomic}
     uint G1ConcRefinementThreads                  = 4                                         {product} {ergonomic}
   size_t G1HeapRegionSize                         = 1048576                                   {product} {ergonomic}
    uintx GCDrainStackTargetSize                   = 64                                        {product} {ergonomic}
   size_t InitialHeapSize                          = 65011712                                  {product} {ergonomic}
   size_t MarkStackSize                            = 4194304                                   {product} {ergonomic}
   size_t MaxHeapSize                              = 1023410176                                {product} {ergonomic}
   size_t MinHeapDeltaBytes                        = 1048576                                   {product} {ergonomic}
   size_t MinHeapSize                              = 8388608                                   {product} {ergonomic}
    uintx NonNMethodCodeHeapSize                   = 5832780                                {pd product} {ergonomic}
    uintx NonProfiledCodeHeapSize                  = 122912730                              {pd product} {ergonomic}
    uintx ProfiledCodeHeapSize                     = 122912730                              {pd product} {ergonomic}
    uintx ReservedCodeCacheSize                    = 251658240                              {pd product} {ergonomic}
     bool SegmentedCodeCache                       = true                                      {product} {ergonomic}
     bool ShowCodeDetailsInExceptionMessages       = true                                   {manageable} {command line}
   size_t SoftMaxHeapSize                          = 1023410176                             {manageable} {ergonomic}
     bool UseCompressedClassPointers               = true                           {product lp64_product} {ergonomic}
     bool UseCompressedOops                        = true                           {product lp64_product} {ergonomic}
     bool UseG1GC                                  = true                                      {product} {ergonomic}
     bool UseLargePagesIndividualAllocation        = false                                  {pd product} {ergonomic}

Logging:
Log output configuration:
 #0: stdout all=warning uptime,level,tags foldmultilines=false
 #1: stderr all=off uptime,level,tags foldmultilines=false

Environment Variables:
PATH=C:/Program Files/Java/jdk-20/bin/server;C:/Program Files/Java/jdk-20/bin;C:\Program Files\Java\jdk-20\bin;C:\Program Files\nodejs;C:\Program Files\Common Files\Oracle\Java\javapath;C:\xampp\php;C:\ProgramData\ComposerSetup\bin;C:\Program Files (x86)\ComposerSetup;C:\Program Files (x86)\Yarn\bin;C:\Program Files (x86)\Git\cmd;C:\Program Files\nodejs\node_modules\npm\bin;C:\Program Files\nodejs\;C:\Program Files\nodejs;C:\Program Files (x86)\Yarn\bin\;C:\Users\ASUS\scoop\shims;C:\Users\ASUS\AppData\Local\Programs\Python\Python311\Scripts\;C:\Users\ASUS\AppData\Local\Programs\Python\Python311\;C:\Users\ASUS\AppData\Local\Microsoft\WindowsApps;C:\Users\ASUS\AppData\Local\Programs\Microsoft VS Code\bin;C:\Program Files\Java\jdk-20;C:\Users\ASUS\AppData\Roaming\Composer\vendor\bin;C:\Users\ASUS\AppData\Roaming\npm;C:\Users\ASUS\AppData\Local\Yarn\bin;;C:\Users\ASUS\Desktop;
USERNAME=ASUS
OS=Windows_NT
PROCESSOR_IDENTIFIER=Intel64 Family 6 Model 126 Stepping 5, GenuineIntel
TMP=C:\Users\ASUS\AppData\Local\Temp
TEMP=C:\Users\ASUS\AppData\Local\Temp




---------------  S Y S T E M  ---------------

OS:
 Windows 11 , 64 bit Build 22621 (10.0.22621.3235)
OS uptime: 3 days 0:54 hours

CPU: total 4 (initial active 4) (2 cores per cpu, 2 threads per core) family 6 model 126 stepping 5 microcode 0xa0, cx8, cmov, fxsr, ht, mmx, 3dnowpref, sse, sse2, sse3, ssse3, sse4.1, sse4.2, popcnt, lzcnt, tsc, tscinvbit, avx, avx2, aes, erms, clmul, bmi1, bmi2, adx, avx512f, avx512dq, avx512cd, avx512bw, avx512vl, sha, fma, vzeroupper, avx512_vpopcntdq, avx512_vpclmulqdq, avx512_vaes, avx512_vnni, clflush, clflushopt, avx512_vbmi2, avx512_vbmi, rdtscp, rdpid, fsrm, gfni, avx512_bitalg, f16c, pku, avx512_ifma

Memory: 4k page, system-wide physical 3901M (384M free)
TotalPageFile size 15677M (AvailPageFile size 5M)
current process WorkingSet (physical memory assigned to process): 10M, peak: 10M
current process commit charge ("private bytes"): 11M, peak: 12M

vm_info: Java HotSpot(TM) 64-Bit Server VM (20.0.2+9-78) for windows-amd64 JRE (20.0.2+9-78), built on 2023-06-14T10:08:48Z by "mach5one" with MS VC++ 17.1 (VS2022)

END.
